














Solution #62
Testing start time: 12:17:54:456
Thread id: 244
User id: 100
Problem id: 4
Free Pascal Compiler version 2.4.4 [2011/04/23] for i386
Copyright (c) 1993-2010 by Florian Klaempfl
Target OS: Win32 for i386
Compiling C:\Tester\Tester\Workdir\244\main.pas
Linking C:\Tester\Tester\Workdir\244\main.exe
34 lines compiled, 0.0 sec , 29664 bytes code, 1560 bytes data

Time used: 9 ms
Memory used: 10284 Kb
Accepted
Testing end time: 12:17:55:488















Solution #62
Testing start time: 12:17:54:456
Thread id: 244
User id: 100
Problem id: 4
Free Pascal Compiler version 2.4.4 [2011/04/23] for i386
Copyright (c) 1993-2010 by Florian Klaempfl
Target OS: Win32 for i386
Compiling C:\Tester\Tester\Workdir\244\main.pas
Linking C:\Tester\Tester\Workdir\244\main.exe
34 lines compiled, 0.0 sec , 29664 bytes code, 1560 bytes data

Time used: 9 ms
Memory used: 10284 Kb
Accepted
Testing end time: 12:17:55:488








Testing end time: 12:17:55:488

Solution #63
Testing start time: 12:18:20:222
Thread id: 244
User id: 100
Problem id: 4
Setting environment for using Microsoft Visual Studio 2010 x86 tools.

main.cpp

C:\Tester\Tester\Workdir\244\main.cpp(1) : error C2146: syntax error : missing ';' before identifier 'k1'
C:\Tester\Tester\Workdir\244\main.cpp(1) : error C4430: missing type specifier - int assumed. Note: C++ does not support default-int
C:\Tester\Tester\Workdir\244\main.cpp(1) : error C4430: missing type specifier - int assumed. Note: C++ does not support default-int
C:\Tester\Tester\Workdir\244\main.cpp(1) : error C4430: missing type specifier - int assumed. Note: C++ does not support default-int
C:\Tester\Tester\Workdir\244\main.cpp(1) : error C4430: missing type specifier - int assumed. Note: C++ does not support default-int
C:\Tester\Tester\Workdir\244\main.cpp(1) : error C4430: missing type specifier - int assumed. Note: C++ does not support default-int
C:\Tester\Tester\Workdir\244\main.cpp(1) : error C4430: missing type specifier - int assumed. Note: C++ does not support default-int
C:\Tester\Tester\Workdir\244\main.cpp(1) : error C4430: missing type specifier - int assumed. Note: C++ does not support default-int
C:\Tester\Tester\Workdir\244\main.cpp(1) : error C4430: missing type specifier - int assumed. Note: C++ does not support default-int
C:\Tester\Tester\Workdir\244\main.cpp(1) : error C4430: missing type specifier - int assumed. Note: C++ does not support default-int
C:\Tester\Tester\Workdir\244\main.cpp(1) : error C4430: missing type specifier - int assumed. Note: C++ does not support default-int
C:\Tester\Tester\Workdir\244\main.cpp(1) : error C4430: missing type specifier - int assumed. Note: C++ does not support default-int
C:\Tester\Tester\Workdir\244\main.cpp(1) : error C4430: missing type specifier - int assumed. Note: C++ does not support default-int
C:\Tester\Tester\Workdir\244\main.cpp(1) : error C4430: missing type specifier - int assumed. Note: C++ does not support default-int
C:\Tester\Tester\Workdir\244\main.cpp(1) : error C2143: syntax error : missing ';' before ':'
C:\Tester\Tester\Workdir\244\main.cpp(1) : error C4430: missing type specifier - int assumed. Note: C++ does not support default-int
C:\Tester\Tester\Workdir\244\main.cpp(2) : error C4430: missing type specifier - int assumed. Note: C++ does not support default-int
C:\Tester\Tester\Workdir\244\main.cpp(2) : error C4430: missing type specifier - int assumed. Note: C++ does not support default-int
C:\Tester\Tester\Workdir\244\main.cpp(2) : error C2143: syntax error : missing ';' before ':'
C:\Tester\Tester\Workdir\244\main.cpp(2) : error C4430: missing type specifier - int assumed. Note: C++ does not support default-int
C:\Tester\Tester\Workdir\244\main.cpp(4) : error C2146: syntax error : missing ';' before identifier 'assign'
C:\Tester\Tester\Workdir\244\main.cpp(4) : error C4430: missing type specifier - int assumed. Note: C++ does not support default-int
C:\Tester\Tester\Workdir\244\main.cpp(4) : error C2065: 'input' : undeclared identifier
C:\Tester\Tester\Workdir\244\main.cpp(4) : error C2015: too many characters in constant
C:\Tester\Tester\Workdir\244\main.cpp(4) : error C4430: missing type specifier - int assumed. Note: C++ does not support default-int
C:\Tester\Tester\Workdir\244\main.cpp(4) : error C2078: too many initializers
C:\Tester\Tester\Workdir\244\main.cpp(4) : error C2065: 'input' : undeclared identifier
C:\Tester\Tester\Workdir\244\main.cpp(4) : error C4430: missing type specifier - int assumed. Note: C++ does not support default-int
C:\Tester\Tester\Workdir\244\main.cpp(5) : error C4430: missing type specifier - int assumed. Note: C++ does not support default-int
C:\Tester\Tester\Workdir\244\main.cpp(5) : error C2078: too many initializers
C:\Tester\Tester\Workdir\244\main.cpp(5) : error C2065: 'input' : undeclared identifier
C:\Tester\Tester\Workdir\244\main.cpp(5) : error C4430: missing type specifier - int assumed. Note: C++ does not support default-int
C:\Tester\Tester\Workdir\244\main.cpp(6) : error C2065: 'output' : undeclared identifier
C:\Tester\Tester\Workdir\244\main.cpp(6) : error C2015: too many characters in constant
C:\Tester\Tester\Workdir\244\main.cpp(6) : error C4430: missing type specifier - int assumed. Note: C++ does not support default-int

C:\Tester\Tester\Workdir\244\main.cpp(6) : error C2374: 'assign' : redefinition; multiple initialization
        C:\Tester\Tester\Workdir\244\main.cpp(4) : see declaration of 'assign'
C:\Tester\Tester\Workdir\244\main.cpp(6) : error C2078: too many initializers
C:\Tester\Tester\Workdir\244\main.cpp(6) : error C2065: 'output' : undeclared identifier
C:\Tester\Tester\Workdir\244\main.cpp(6) : error C4430: missing type specifier - int assumed. Note: C++ does not support default-int
C:\Tester\Tester\Workdir\244\main.cpp(7) : error C2470: 'fin' : looks like a function definition, but there is no parameter list; skipping apparent body
C:\Tester\Tester\Workdir\244\main.cpp(7) : error C2059: syntax error : '='
C:\Tester\Tester\Workdir\244\main.cpp(7) : error C2059: syntax error : ':'
C:\Tester\Tester\Workdir\244\main.cpp(7) : error C2630: ';' found in what should be a comma-separated list
C:\Tester\Tester\Workdir\244\main.cpp(8) : error C2059: syntax error : ':'
C:\Tester\Tester\Workdir\244\main.cpp(8) : error C2630: ';' found in what should be a comma-separated list
C:\Tester\Tester\Workdir\244\main.cpp(10) : error C2059: syntax error : ':'
C:\Tester\Tester\Workdir\244\main.cpp(10) : error C2630: ';' found in what should be a comma-separated list
C:\Tester\Tester\Workdir\244\main.cpp(11) : error C2059: syntax error : 'while'
C:\Tester\Tester\Workdir\244\main.cpp(13) : error C2630: ';' found in what should be a comma-separated list
C:\Tester\Tester\Workdir\244\main.cpp(14) : error C2059: syntax error : ':'
C:\Tester\Tester\Workdir\244\main.cpp(14) : error C2630: ';' found in what should be a comma-separated list
C:\Tester\Tester\Workdir\244\main.cpp(15) : error C2059: syntax error : 'if'
C:\Tester\Tester\Workdir\244\main.cpp(15) : error C2630: ';' found in what should be a comma-separated list
C:\Tester\Tester\Workdir\244\main.cpp(16) : error C2059: syntax error : 'if'
C:\Tester\Tester\Workdir\244\main.cpp(18) : error C2630: ';' found in what should be a comma-separated list
C:\Tester\Tester\Workdir\244\main.cpp(19) : error C2059: syntax error : ':'
C:\Tester\Tester\Workdir\244\main.cpp(19) : error C2630: ';' found in what should be a comma-separated list
C:\Tester\Tester\Workdir\244\main.cpp(20) : error C2059: syntax error : 'if'
C:\Tester\Tester\Workdir\244\main.cpp(20) : error C2630: ';' found in what should be a comma-separated list
C:\Tester\Tester\Workdir\244\main.cpp(21) : error C2059: syntax error : 'if'
C:\Tester\Tester\Workdir\244\main.cpp(21) : error C2630: ';' found in what should be a comma-separated list
C:\Tester\Tester\Workdir\244\main.cpp(22) : error C2059: syntax error : ';'
C:\Tester\Tester\Workdir\244\main.cpp(22) : error C2630: ';' found in what should be a comma-separated list
C:\Tester\Tester\Workdir\244\main.cpp(23) : error C2059: syntax error : ';'
C:\Tester\Tester\Workdir\244\main.cpp(23) : error C2630: ';' found in what should be a comma-separated list
C:\Tester\Tester\Workdir\244\main.cpp(25) : error C2059: syntax error : 'if'
C:\Tester\Tester\Workdir\244\main.cpp(28) : error C2630: ';' found in what should be a comma-separated list
C:\Tester\Tester\Workdir\244\main.cpp(29) : error C2059: syntax error : ':'
C:\Tester\Tester\Workdir\244\main.cpp(29) : error C2630: ';' found in what should be a comma-separated list
C:\Tester\Tester\Workdir\244\main.cpp(30) : error C2059: syntax error : 'if'
C:\Tester\Tester\Workdir\244\main.cpp(30) : error C2630: ';' found in what should be a comma-separated list
C:\Tester\Tester\Workdir\244\main.cpp(31) : error C2059: syntax error : 'if'
C:\Tester\Tester\Workdir\244\main.cpp(31) : error C2630: ';' found in what should be a comma-separated list
C:\Tester\Tester\Workdir\244\main.cpp(32) : error C2059: syntax error : ';'
C:\Tester\Tester\Workdir\244\main.cpp(32) : error C2630: ';' found in what should be a comma-separated list
C:\Tester\Tester\Workdir\244\main.cpp(34) : error C2065: 'output' : undeclared identifier
C:\Tester\Tester\Workdir\244\main.cpp(34) : error C2630: ';' found in what should be a comma-separated list
C:\Tester\Tester\Workdir\244\main.cpp(35) : error C2059: syntax error : '.'

C:\Tester\Tester\Workdir\244\main.cpp(36) : fatal error C1004: unexpected end-of-file found

Time used: 0 ms
Memory used: 0 Kb
Compilation error
Testing end time: 12:18:21:66
